# JRE version: OpenJDK Runtime Environment (11.0.5+10) (build 11.0.5+10-b520.30)
# Java VM: OpenJDK 64-Bit Server VM (11.0.5+10-b520.30, mixed mode, sharing, tiered, compressed oops, g1 gc, windows-amd64)
Heap:
 garbage-first heap   total 472064K, used 73870K [0x0000000681c00000, 0x0000000800000000)
  region size 1024K, 37 young (37888K), 15 survivors (15360K)
 Metaspace       used 67657K, capacity 69968K, committed 70192K, reserved 1110016K
  class space    used 9444K, capacity 10334K, committed 10368K, reserved 1048576K
GC Heap History (20 events):
Event: 28586.681 GC heap after
{Heap after GC invocations=17 (full 0):
 garbage-first heap   total 472064K, used 55280K [0x0000000681c00000, 0x0000000800000000)
  region size 1024K, 19 young (19456K), 19 survivors (19456K)
 Metaspace       used 67564K, capacity 69913K, committed 70192K, reserved 1110016K
  class space    used 9426K, capacity 10315K, committed 10368K, reserved 1048576K
}
Event: 32427.311 GC heap before
{Heap before GC invocations=17 (full 0):
 garbage-first heap   total 472064K, used 317424K [0x0000000681c00000, 0x0000000800000000)
  region size 1024K, 276 young (282624K), 19 survivors (19456K)
 Metaspace       used 67564K, capacity 69913K, committed 70192K, reserved 1110016K
  class space    used 9426K, capacity 10315K, committed 10368K, reserved 1048576K
}
Event: 32427.327 GC heap after
{Heap after GC invocations=18 (full 0):
 garbage-first heap   total 472064K, used 55280K [0x0000000681c00000, 0x0000000800000000)
  region size 1024K, 19 young (19456K), 19 survivors (19456K)
 Metaspace       used 67564K, capacity 69913K, committed 70192K, reserved 1110016K
  class space    used 9426K, capacity 10315K, committed 10368K, reserved 1048576K
}
Event: 41377.876 GC heap before
{Heap before GC invocations=18 (full 0):
 garbage-first heap   total 472064K, used 318448K [0x0000000681c00000, 0x0000000800000000)
  region size 1024K, 276 young (282624K), 19 survivors (19456K)
 Metaspace       used 67564K, capacity 69913K, committed 70192K, reserved 1110016K
  class space    used 9426K, capacity 10315K, committed 10368K, reserved 1048576K
}
Event: 41377.893 GC heap after
{Heap after GC invocations=19 (full 0):
 garbage-first heap   total 472064K, used 52344K [0x0000000681c00000, 0x0000000800000000)
  region size 1024K, 16 young (16384K), 16 survivors (16384K)
 Metaspace       used 67564K, capacity 69913K, committed 70192K, reserved 1110016K
  class space    used 9426K, capacity 10315K, committed 10368K, reserved 1048576K
}
Event: 64467.511 GC heap before
{Heap before GC invocations=19 (full 0):
 garbage-first heap   total 472064K, used 318584K [0x0000000681c00000, 0x0000000800000000)
  region size 1024K, 276 young (282624K), 16 survivors (16384K)
 Metaspace       used 67565K, capacity 69913K, committed 70192K, reserved 1110016K
  class space    used 9427K, capacity 10315K, committed 10368K, reserved 1048576K
}
Event: 64467.518 GC heap after
{Heap after GC invocations=20 (full 0):
 garbage-first heap   total 472064K, used 57589K [0x0000000681c00000, 0x0000000800000000)
  region size 1024K, 21 young (21504K), 21 survivors (21504K)
 Metaspace       used 67565K, capacity 69913K, committed 70192K, reserved 1110016K
  class space    used 9427K, capacity 10315K, committed 10368K, reserved 1048576K
}
Event: 68159.918 GC heap before
{Heap before GC invocations=20 (full 0):
 garbage-first heap   total 472064K, used 318709K [0x0000000681c00000, 0x0000000800000000)
  region size 1024K, 276 young (282624K), 21 survivors (21504K)
 Metaspace       used 67566K, capacity 69913K, committed 70192K, reserved 1110016K
  class space    used 9427K, capacity 10315K, committed 10368K, reserved 1048576K
}
Event: 68159.926 GC heap after
{Heap after GC invocations=21 (full 0):
 garbage-first heap   total 472064K, used 58057K [0x0000000681c00000, 0x0000000800000000)
  region size 1024K, 21 young (21504K), 21 survivors (21504K)
 Metaspace       used 67566K, capacity 69913K, committed 70192K, reserved 1110016K
  class space    used 9427K, capacity 10315K, committed 10368K, reserved 1048576K
}
Event: 71741.868 GC heap before
{Heap before GC invocations=21 (full 0):
 garbage-first heap   total 472064K, used 319177K [0x0000000681c00000, 0x0000000800000000)
  region size 1024K, 276 young (282624K), 21 survivors (21504K)
 Metaspace       used 67566K, capacity 69913K, committed 70192K, reserved 1110016K
  class space    used 9427K, capacity 10315K, committed 10368K, reserved 1048576K
}
Event: 71741.875 GC heap after
{Heap after GC invocations=22 (full 0):
 garbage-first heap   total 472064K, used 54398K [0x0000000681c00000, 0x0000000800000000)
  region size 1024K, 18 young (18432K), 18 survivors (18432K)
 Metaspace       used 67566K, capacity 69913K, committed 70192K, reserved 1110016K
  class space    used 9427K, capacity 10315K, committed 10368K, reserved 1048576K
}
Event: 75427.457 GC heap before
{Heap before GC invocations=22 (full 0):
 garbage-first heap   total 472064K, used 318590K [0x0000000681c00000, 0x0000000800000000)
  region size 1024K, 276 young (282624K), 18 survivors (18432K)
 Metaspace       used 67576K, capacity 69913K, committed 70192K, reserved 1110016K
  class space    used 9427K, capacity 10315K, committed 10368K, reserved 1048576K
}
Event: 75427.464 GC heap after
{Heap after GC invocations=23 (full 0):
 garbage-first heap   total 472064K, used 53889K [0x0000000681c00000, 0x0000000800000000)
  region size 1024K, 17 young (17408K), 17 survivors (17408K)
 Metaspace       used 67576K, capacity 69913K, committed 70192K, reserved 1110016K
  class space    used 9427K, capacity 10315K, committed 10368K, reserved 1048576K
}
Event: 79182.190 GC heap before
{Heap before GC invocations=23 (full 0):
 garbage-first heap   total 472064K, used 319105K [0x0000000681c00000, 0x0000000800000000)
  region size 1024K, 276 young (282624K), 17 survivors (17408K)
 Metaspace       used 67576K, capacity 69913K, committed 70192K, reserved 1110016K
  class space    used 9427K, capacity 10315K, committed 10368K, reserved 1048576K
}
Event: 79182.200 GC heap after
{Heap after GC invocations=24 (full 0):
 garbage-first heap   total 472064K, used 52257K [0x0000000681c00000, 0x0000000800000000)
  region size 1024K, 16 young (16384K), 16 survivors (16384K)
 Metaspace       used 67576K, capacity 69913K, committed 70192K, reserved 1110016K
  class space    used 9427K, capacity 10315K, committed 10368K, reserved 1048576K
}
Event: 82978.034 GC heap before
{Heap before GC invocations=24 (full 0):
 garbage-first heap   total 472064K, used 318497K [0x0000000681c00000, 0x0000000800000000)
  region size 1024K, 276 young (282624K), 16 survivors (16384K)
 Metaspace       used 67576K, capacity 69913K, committed 70192K, reserved 1110016K
  class space    used 9427K, capacity 10315K, committed 10368K, reserved 1048576K
}
Event: 82978.040 GC heap after
{Heap after GC invocations=25 (full 0):
 garbage-first heap   total 472064K, used 51969K [0x0000000681c00000, 0x0000000800000000)
  region size 1024K, 15 young (15360K), 15 survivors (15360K)
 Metaspace       used 67576K, capacity 69913K, committed 70192K, reserved 1110016K
  class space    used 9427K, capacity 10315K, committed 10368K, reserved 1048576K
}
Event: 86814.467 GC heap before
{Heap before GC invocations=25 (full 0):
 garbage-first heap   total 472064K, used 319233K [0x0000000681c00000, 0x0000000800000000)
  region size 1024K, 276 young (282624K), 15 survivors (15360K)
 Metaspace       used 67576K, capacity 69913K, committed 70192K, reserved 1110016K
  class space    used 9427K, capacity 10315K, committed 10368K, reserved 1048576K
}
Event: 86814.474 GC heap after
{Heap after GC invocations=26 (full 0):
 garbage-first heap   total 472064K, used 51849K [0x0000000681c00000, 0x0000000800000000)
  region size 1024K, 15 young (15360K), 15 survivors (15360K)
 Metaspace       used 67576K, capacity 69913K, committed 70192K, reserved 1110016K
  class space    used 9427K, capacity 10315K, committed 10368K, reserved 1048576K
}
Event: 87086.567 GC heap before
{Heap before GC invocations=26 (full 0):
 garbage-first heap   total 472064K, used 73353K [0x0000000681c00000, 0x0000000800000000)
  region size 1024K, 37 young (37888K), 15 survivors (15360K)
 Metaspace       used 67657K, capacity 69968K, committed 70192K, reserved 1110016K
  class space    used 9444K, capacity 10334K, committed 10368K, reserved 1048576K
}

